TN:
SF:server.js
FN:33,(anonymous_0)
FN:66,(anonymous_1)
FN:97,(anonymous_2)
FN:125,(anonymous_3)
FN:146,(anonymous_4)
FN:168,(anonymous_5)
FN:185,(anonymous_6)
FN:208,(anonymous_7)
FN:224,(anonymous_8)
FN:273,(anonymous_9)
FN:284,(anonymous_10)
FN:291,(anonymous_11)
FN:317,(anonymous_12)
FN:402,(anonymous_13)
FN:427,(anonymous_14)
FN:447,(anonymous_15)
FN:535,(anonymous_16)
FN:552,(anonymous_17)
FN:570,(anonymous_18)
FN:606,(anonymous_19)
FN:705,(anonymous_20)
FN:726,(anonymous_21)
FN:827,(anonymous_22)
FN:837,(anonymous_23)
FN:858,(anonymous_24)
FN:875,(anonymous_25)
FN:901,(anonymous_26)
FN:945,(anonymous_27)
FN:946,(anonymous_28)
FN:964,(anonymous_29)
FNF:30
FNH:14
FNDA:7,(anonymous_0)
FNDA:2,(anonymous_1)
FNDA:2,(anonymous_2)
FNDA:8,(anonymous_3)
FNDA:13,(anonymous_4)
FNDA:13,(anonymous_5)
FNDA:13,(anonymous_6)
FNDA:2,(anonymous_7)
FNDA:0,(anonymous_8)
FNDA:1,(anonymous_9)
FNDA:1,(anonymous_10)
FNDA:7,(anonymous_11)
FNDA:8,(anonymous_12)
FNDA:4,(anonymous_13)
FNDA:1,(anonymous_14)
FNDA:0,(anonymous_15)
FNDA:0,(anonymous_16)
FNDA:0,(anonymous_17)
FNDA:0,(anonymous_18)
FNDA:0,(anonymous_19)
FNDA:0,(anonymous_20)
FNDA:0,(anonymous_21)
FNDA:0,(anonymous_22)
FNDA:0,(anonymous_23)
FNDA:0,(anonymous_24)
FNDA:0,(anonymous_25)
FNDA:0,(anonymous_26)
FNDA:0,(anonymous_27)
FNDA:0,(anonymous_28)
FNDA:0,(anonymous_29)
DA:1,4
DA:2,4
DA:3,4
DA:4,4
DA:5,4
DA:6,4
DA:7,4
DA:8,4
DA:9,4
DA:10,4
DA:12,4
DA:13,4
DA:14,4
DA:17,4
DA:18,4
DA:21,4
DA:28,4
DA:33,4
DA:34,7
DA:36,7
DA:37,7
DA:38,1
DA:41,6
DA:42,6
DA:43,1
DA:46,5
DA:49,5
DA:50,0
DA:51,0
DA:59,5
DA:62,5
DA:66,4
DA:67,2
DA:69,2
DA:70,2
DA:71,1
DA:75,1
DA:77,0
DA:80,1
DA:81,1
DA:92,1
DA:93,1
DA:97,4
DA:98,2
DA:101,2
DA:103,2
DA:104,1
DA:109,1
DA:110,1
DA:111,0
DA:114,1
DA:115,1
DA:116,1
DA:117,1
DA:119,1
DA:125,4
DA:126,8
DA:128,8
DA:129,8
DA:131,8
DA:133,5
DA:134,3
DA:136,1
DA:143,8
DA:146,8
DA:148,13
DA:149,13
DA:150,13
DA:153,13
DA:168,13
DA:170,13
DA:185,13
DA:187,13
DA:198,8
DA:200,8
DA:202,0
DA:203,0
DA:208,4
DA:209,2
DA:210,2
DA:212,2
DA:213,1
DA:216,1
DA:218,0
DA:219,0
DA:224,4
DA:225,0
DA:226,0
DA:229,0
DA:230,0
DA:234,0
DA:235,0
DA:238,0
DA:239,0
DA:240,0
DA:244,0
DA:245,0
DA:246,0
DA:250,0
DA:251,0
DA:255,0
DA:261,0
DA:262,0
DA:265,0
DA:267,0
DA:268,0
DA:273,4
DA:274,1
DA:275,1
DA:276,1
DA:278,0
DA:279,0
DA:284,4
DA:285,1
DA:291,4
DA:292,7
DA:294,7
DA:295,7
DA:297,7
DA:299,3
DA:300,4
DA:302,1
DA:303,1
DA:307,7
DA:309,7
DA:311,0
DA:312,0
DA:317,4
DA:318,8
DA:320,8
DA:322,8
DA:323,8
DA:324,8
DA:325,8
DA:326,8
DA:328,8
DA:329,2
DA:336,6
DA:337,2
DA:343,4
DA:353,4
DA:354,0
DA:360,4
DA:361,4
DA:363,4
DA:371,4
DA:372,0
DA:378,4
DA:392,4
DA:394,4
DA:396,0
DA:397,0
DA:402,4
DA:403,4
DA:405,4
DA:406,4
DA:408,4
DA:409,0
DA:412,4
DA:413,4
DA:414,4
DA:415,4
DA:417,4
DA:419,4
DA:421,0
DA:422,0
DA:427,4
DA:428,1
DA:429,1
DA:431,1
DA:432,0
DA:435,1
DA:437,1
DA:439,0
DA:440,0
DA:447,4
DA:448,0
DA:449,0
DA:452,0
DA:453,0
DA:456,0
DA:457,0
DA:460,0
DA:462,0
DA:463,0
DA:466,0
DA:467,0
DA:469,0
DA:470,0
DA:473,0
DA:474,0
DA:475,0
DA:479,0
DA:480,0
DA:482,0
DA:490,0
DA:491,0
DA:492,0
DA:496,0
DA:511,0
DA:512,0
DA:516,0
DA:517,0
DA:518,0
DA:520,0
DA:535,0
DA:537,0
DA:552,0
DA:554,0
DA:564,0
DA:565,0
DA:570,4
DA:571,0
DA:573,0
DA:574,0
DA:575,0
DA:578,0
DA:579,0
DA:583,0
DA:584,0
DA:585,0
DA:586,0
DA:588,0
DA:589,0
DA:592,0
DA:599,0
DA:600,0
DA:601,0
DA:603,0
DA:605,0
DA:606,0
DA:608,0
DA:609,0
DA:614,0
DA:617,0
DA:618,0
DA:619,0
DA:620,0
DA:621,0
DA:624,0
DA:625,0
DA:626,0
DA:631,0
DA:635,0
DA:636,0
DA:637,0
DA:642,0
DA:647,0
DA:649,0
DA:650,0
DA:652,0
DA:656,0
DA:658,0
DA:660,0
DA:661,0
DA:662,0
DA:663,0
DA:664,0
DA:666,0
DA:673,0
DA:674,0
DA:676,0
DA:687,0
DA:688,0
DA:696,0
DA:705,0
DA:706,0
DA:707,0
DA:709,0
DA:710,0
DA:712,0
DA:719,0
DA:724,0
DA:725,0
DA:726,0
DA:727,0
DA:730,0
DA:731,0
DA:732,0
DA:734,0
DA:735,0
DA:736,0
DA:737,0
DA:738,0
DA:739,0
DA:740,0
DA:742,0
DA:743,0
DA:744,0
DA:748,0
DA:749,0
DA:750,0
DA:752,0
DA:753,0
DA:754,0
DA:758,0
DA:759,0
DA:760,0
DA:761,0
DA:764,0
DA:765,0
DA:766,0
DA:769,0
DA:776,0
DA:777,0
DA:778,0
DA:781,0
DA:794,0
DA:795,0
DA:797,0
DA:802,0
DA:821,0
DA:822,0
DA:827,4
DA:828,0
DA:829,0
DA:830,0
DA:831,0
DA:834,0
DA:837,0
DA:838,0
DA:839,0
DA:840,0
DA:841,0
DA:843,0
DA:858,0
DA:860,0
DA:875,0
DA:878,0
DA:891,0
DA:898,0
DA:900,0
DA:901,0
DA:912,0
DA:913,0
DA:914,0
DA:917,0
DA:921,0
DA:926,0
DA:927,0
DA:929,0
DA:931,0
DA:932,0
DA:933,0
DA:934,0
DA:936,0
DA:937,0
DA:944,4
DA:945,0
DA:946,0
DA:947,0
DA:948,0
DA:949,0
DA:950,0
DA:953,0
DA:954,0
DA:955,0
DA:956,0
DA:957,0
DA:958,0
DA:962,0
DA:965,0
DA:966,0
DA:970,4
LF:364
LH:138
BRDA:13,0,0,4
BRDA:13,0,1,0
BRDA:14,1,0,4
BRDA:14,1,1,4
BRDA:14,2,0,4
BRDA:14,2,1,0
BRDA:37,3,0,1
BRDA:37,3,1,6
BRDA:42,4,0,1
BRDA:42,4,1,5
BRDA:49,5,0,0
BRDA:49,5,1,5
BRDA:70,6,0,1
BRDA:70,6,1,1
BRDA:75,7,0,0
BRDA:75,7,1,1
BRDA:75,8,0,1
BRDA:75,8,1,1
BRDA:75,8,2,0
BRDA:76,9,0,0
BRDA:76,9,1,0
BRDA:85,10,0,1
BRDA:85,10,1,0
BRDA:86,11,0,1
BRDA:86,11,1,0
BRDA:88,12,0,1
BRDA:88,12,1,0
BRDA:103,13,0,1
BRDA:103,13,1,1
BRDA:110,14,0,0
BRDA:110,14,1,1
BRDA:131,15,0,5
BRDA:131,15,1,3
BRDA:134,16,0,1
BRDA:134,16,1,2
BRDA:168,17,0,13
BRDA:168,17,1,13
BRDA:185,18,0,13
BRDA:185,18,1,13
BRDA:212,19,0,1
BRDA:212,19,1,1
BRDA:229,20,0,0
BRDA:229,20,1,0
BRDA:238,21,0,0
BRDA:238,21,1,0
BRDA:244,22,0,0
BRDA:244,22,1,0
BRDA:250,23,0,0
BRDA:250,23,1,0
BRDA:261,24,0,0
BRDA:261,24,1,0
BRDA:297,25,0,3
BRDA:297,25,1,4
BRDA:300,26,0,1
BRDA:300,26,1,3
BRDA:322,27,0,8
BRDA:322,27,1,0
BRDA:322,28,0,8
BRDA:322,28,1,3
BRDA:328,29,0,2
BRDA:328,29,1,6
BRDA:336,30,0,2
BRDA:336,30,1,4
BRDA:336,31,0,6
BRDA:336,31,1,3
BRDA:353,32,0,0
BRDA:353,32,1,4
BRDA:353,33,0,4
BRDA:353,33,1,0
BRDA:371,34,0,0
BRDA:371,34,1,4
BRDA:389,35,0,4
BRDA:389,35,1,1
BRDA:408,36,0,0
BRDA:408,36,1,4
BRDA:431,37,0,0
BRDA:431,37,1,1
BRDA:452,38,0,0
BRDA:452,38,1,0
BRDA:456,39,0,0
BRDA:456,39,1,0
BRDA:456,40,0,0
BRDA:456,40,1,0
BRDA:462,41,0,0
BRDA:462,41,1,0
BRDA:473,42,0,0
BRDA:473,42,1,0
BRDA:473,43,0,0
BRDA:473,43,1,0
BRDA:473,43,2,0
BRDA:473,43,3,0
BRDA:490,44,0,0
BRDA:490,44,1,0
BRDA:507,45,0,0
BRDA:507,45,1,0
BRDA:535,46,0,0
BRDA:535,46,1,0
BRDA:552,47,0,0
BRDA:552,47,1,0
BRDA:574,48,0,0
BRDA:574,48,1,0
BRDA:578,49,0,0
BRDA:578,49,1,0
BRDA:588,50,0,0
BRDA:588,50,1,0
BRDA:608,51,0,0
BRDA:608,51,1,0
BRDA:611,52,0,0
BRDA:611,52,1,0
BRDA:621,53,0,0
BRDA:621,53,1,0
BRDA:625,54,0,0
BRDA:625,54,1,0
BRDA:636,55,0,0
BRDA:636,55,1,0
BRDA:647,56,0,0
BRDA:647,56,1,0
BRDA:658,57,0,0
BRDA:658,57,1,0
BRDA:698,58,0,0
BRDA:698,58,1,0
BRDA:705,59,0,0
BRDA:705,59,1,0
BRDA:706,60,0,0
BRDA:706,60,1,0
BRDA:709,61,0,0
BRDA:709,61,1,0
BRDA:739,62,0,0
BRDA:739,62,1,0
BRDA:742,63,0,0
BRDA:742,63,1,0
BRDA:742,64,0,0
BRDA:742,64,1,0
BRDA:742,64,2,0
BRDA:742,64,3,0
BRDA:748,65,0,0
BRDA:748,65,1,0
BRDA:752,66,0,0
BRDA:752,66,1,0
BRDA:759,67,0,0
BRDA:759,67,1,0
BRDA:765,68,0,0
BRDA:765,68,1,0
BRDA:766,69,0,0
BRDA:766,69,1,0
BRDA:776,70,0,0
BRDA:776,70,1,0
BRDA:790,71,0,0
BRDA:790,71,1,0
BRDA:830,72,0,0
BRDA:830,72,1,0
BRDA:839,73,0,0
BRDA:839,73,1,0
BRDA:858,74,0,0
BRDA:858,74,1,0
BRDA:875,75,0,0
BRDA:875,75,1,0
BRDA:882,76,0,0
BRDA:882,76,1,0
BRDA:903,77,0,0
BRDA:903,77,1,0
BRDA:907,78,0,0
BRDA:907,78,1,0
BRDA:908,79,0,0
BRDA:908,79,1,0
BRDA:909,80,0,0
BRDA:909,80,1,0
BRDA:944,81,0,0
BRDA:944,81,1,4
BRDA:957,82,0,0
BRDA:957,82,1,0
BRDA:957,83,0,0
BRDA:957,83,1,0
BRF:173
BRH:51
end_of_record
TN:
SF:lib/database.js
FN:5,connectDB
FN:11,(anonymous_1)
FN:15,(anonymous_2)
FN:26,disconnectDB
FNF:4
FNH:0
FNDA:0,connectDB
FNDA:0,(anonymous_1)
FNDA:0,(anonymous_2)
FNDA:0,disconnectDB
DA:1,4
DA:3,4
DA:6,0
DA:7,0
DA:9,0
DA:11,0
DA:12,0
DA:15,0
DA:16,0
DA:19,0
DA:21,0
DA:22,0
DA:27,0
DA:28,0
DA:29,0
DA:31,0
DA:35,4
LF:17
LH:3
BRDA:3,0,0,4
BRDA:3,0,1,0
BRF:2
BRH:1
end_of_record
TN:
SF:lib/helpers.js
FN:4,calculateVacationDays
FN:26,calculateYearsOfService
FN:33,getCurrentVacationPeriod
FN:50,(anonymous_3)
FN:55,getNthWeekdayOfMonth
FN:64,getEasterDates
FN:94,getMexicanHolidays2026
FN:115,isHoliday
FN:116,(anonymous_8)
FN:120,getHolidayName
FN:121,(anonymous_10)
FNF:11
FNH:11
FNDA:33,calculateVacationDays
FNDA:19,calculateYearsOfService
FNDA:15,getCurrentVacationPeriod
FNDA:30,(anonymous_3)
FNDA:39,getNthWeekdayOfMonth
FNDA:16,getEasterDates
FNDA:12,getMexicanHolidays2026
FNDA:8,isHoliday
FNDA:52,(anonymous_8)
FNDA:12,getHolidayName
FNDA:77,(anonymous_10)
DA:5,33
DA:6,33
DA:7,33
DA:10,33
DA:11,31
DA:12,31
DA:13,30
DA:14,28
DA:15,27
DA:16,20
DA:17,16
DA:18,11
DA:19,7
DA:20,5
DA:21,3
DA:22,0
DA:27,19
DA:28,19
DA:29,19
DA:34,15
DA:35,15
DA:38,15
DA:39,15
DA:42,15
DA:43,13
DA:46,15
DA:47,15
DA:48,15
DA:50,30
DA:51,15
DA:56,39
DA:57,39
DA:58,39
DA:59,39
DA:60,39
DA:66,16
DA:67,16
DA:68,16
DA:69,16
DA:70,16
DA:71,16
DA:72,16
DA:73,16
DA:74,16
DA:75,16
DA:76,16
DA:77,16
DA:78,16
DA:79,16
DA:81,16
DA:82,16
DA:83,16
DA:84,16
DA:85,16
DA:87,16
DA:95,12
DA:97,12
DA:112,5
DA:116,52
DA:121,77
DA:122,12
DA:125,5
LF:62
LH:61
BRDA:4,0,0,13
BRDA:10,1,0,2
BRDA:10,1,1,31
BRDA:11,2,0,0
BRDA:11,2,1,31
BRDA:12,3,0,1
BRDA:12,3,1,30
BRDA:13,4,0,2
BRDA:13,4,1,28
BRDA:14,5,0,1
BRDA:14,5,1,27
BRDA:15,6,0,7
BRDA:15,6,1,20
BRDA:16,7,0,4
BRDA:16,7,1,16
BRDA:16,8,0,20
BRDA:16,8,1,20
BRDA:17,9,0,5
BRDA:17,9,1,11
BRDA:17,10,0,16
BRDA:17,10,1,16
BRDA:18,11,0,4
BRDA:18,11,1,7
BRDA:18,12,0,11
BRDA:18,12,1,11
BRDA:19,13,0,2
BRDA:19,13,1,5
BRDA:19,14,0,7
BRDA:19,14,1,7
BRDA:20,15,0,2
BRDA:20,15,1,3
BRDA:20,16,0,5
BRDA:20,16,1,5
BRDA:21,17,0,3
BRDA:21,17,1,0
BRDA:26,18,0,13
BRDA:33,19,0,13
BRDA:42,20,0,13
BRDA:42,20,1,2
BRDA:122,21,0,11
BRDA:122,21,1,1
BRF:41
BRH:39
end_of_record
TN:
SF:models/Request.js
FN:86,(anonymous_0)
FNF:1
FNH:1
FNDA:22,(anonymous_0)
DA:1,5
DA:3,5
DA:86,5
DA:87,22
DA:90,5
DA:91,5
DA:94,5
DA:95,5
DA:97,5
LF:9
LH:9
BRF:0
BRH:0
end_of_record
TN:
SF:models/User.js
FN:48,(anonymous_0)
FN:57,(anonymous_1)
FN:63,(anonymous_2)
FNF:3
FNH:2
FNDA:0,(anonymous_0)
FNDA:51,(anonymous_1)
FNDA:9,(anonymous_2)
DA:1,5
DA:3,5
DA:50,0
DA:51,0
DA:57,5
DA:58,51
DA:61,5
DA:64,9
DA:65,9
DA:68,5
DA:71,5
DA:72,5
DA:74,5
LF:13
LH:11
BRDA:50,0,0,0
BRDA:50,0,1,0
BRDA:64,1,0,9
BRDA:64,1,1,0
BRF:4
BRH:1
end_of_record
